<?xml version="1.0" encoding="utf-8"?><testsuites name="pytest tests"><testsuite name="pytest" errors="0" failures="0" skipped="0" tests="1816" time="62.511" timestamp="2026-09-25T18:11:46.417435-07:00" hostname="Micheals-MacBook-Pro.local"><testcase classname="tests.test_alignment" name="test_projection_head_is_unit_norm" time="0.001" /><testcase classname="tests.test_alignment" name="test_info_nce_perfect_alignment_beats_shuffled" time="0.001" /><testcase classname="tests.test_alignment" name="test_info_nce_lower_bounded_and_symmetric" time="0.001" /><testcase classname="tests.test_alignment" name="test_info_nce_matches_manual_cross_entropy" time="0.001" /><testcase classname="tests.test_alignment" name="test_aligner_forward_and_gradients" time="0.009" /><testcase classname="tests.test_alignment" name="test_temperature_positive_by_construction" time="0.000" /><testcase classname="tests.test_analysis" name="test_analyze_produces_full_report" time="0.206" /><testcase classname="tests.test_analysis" name="test_metrics_are_in_valid_ranges" time="0.070" /><testcase classname="tests.test_analysis" name="test_missing_speech_is_unavailable_and_fails_its_gate" time="0.069" /><testcase classname="tests.test_analysis" name="test_embeddings_are_unit_norm" time="0.042" /><testcase classname="tests.test_analysis" name="test_training_step_includes_alignment" time="0.051" /><testcase classname="tests.test_analysis" name="test_shared_encode_pooled_equals_encoder_pooled" time="0.048" /><testcase classname="tests.test_ar_dqs" name="test_quat_mul_identity" time="0.000" /><testcase classname="tests.test_ar_dqs" name="test_transform_dq_round_trip" time="0.000" /><testcase classname="tests.test_ar_dqs" name="test_dq_applies_correct_rigid_transform" time="0.000" /><testcase classname="tests.test_ar_dqs" name="test_dq_is_unit_after_normalize" time="0.000" /><testcase classname="tests.test_ar_dqs" name="test_dlb_single_weight_reproduces_transform" time="0.000" /><testcase classname="tests.test_ar_dqs" name="test_dlb_of_identical_transforms_is_that_transform" time="0.000" /><testcase classname="tests.test_ar_dqs" name="test_dlb_handles_antipodal_quaternions" time="0.000" /><testcase classname="tests.test_ar_dqs" name="test_dqs_preserves_length_where_lbs_collapses" time="0.001" /><testcase classname="tests.test_ar_gaussian" name="test_covariance_3d_is_psd_and_symmetric" time="0.001" /><testcase classname="tests.test_ar_gaussian" name="test_covariance_3d_identity_rotation_is_scale_squared" time="0.000" /><testcase classname="tests.test_ar_gaussian" name="test_projection_jacobian_matches_finite_difference" time="0.000" /><testcase classname="tests.test_ar_gaussian" name="test_covariance_2d_is_symmetric_psd" time="0.000" /><testcase classname="tests.test_ar_gaussian" name="test_gaussian_2d_peak_and_decay" time="0.000" /><testcase classname="tests.test_ar_gaussian" name="test_gaussian_2d_integrates_to_2pi_sqrt_det" time="0.001" /><testcase classname="tests.test_ar_gaussian" name="test_alpha_composite_over_operator" time="0.000" /><testcase classname="tests.test_ar_gaussian" name="test_opaque_front_gaussian_occludes_back" time="0.000" /><testcase classname="tests.test_ar_gaussian" name="test_render_pixel_respects_depth_order" time="0.000" /><testcase classname="tests.test_ar_integration" name="test_latency_and_dropped_frames" time="0.000" /><testcase classname="tests.test_ar_integration" name="test_temporal_flicker_zero_for_static_positive_for_jitter" time="0.000" /><testcase classname="tests.test_ar_integration" name="test_silhouette_iou_error" time="0.000" /><testcase classname="tests.test_ar_integration" name="test_psnr_and_ssim_identical_images" time="0.000" /><testcase classname="tests.test_ar_integration" name="test_appearance_report_is_not_a_signing_verdict" time="0.000" /><testcase classname="tests.test_ar_integration" name="test_combined_report_keeps_them_separate" time="0.000" /><testcase classname="tests.test_ar_integration" name="test_whole_chain_stream_to_render" time="0.001" /><testcase classname="tests.test_ar_integration" name="test_cycle_stress_determinism_and_finiteness" time="0.020" /><testcase classname="tests.test_ar_lod" name="test_fingers_and_face_kept_at_every_level" time="0.000" /><testcase classname="tests.test_ar_lod" name="test_lower_tiers_are_decimated_at_high_levels" time="0.000" /><testcase classname="tests.test_ar_lod" name="test_budget_curve_is_monotone_non_increasing" time="0.000" /><testcase classname="tests.test_ar_lod" name="test_identity_render_requires_consent" time="0.000" /><testcase classname="tests.test_ar_lod" name="test_synthetic_marker_default_and_opt_out" time="0.000" /><testcase classname="tests.test_ar_nerf" name="test_alphas_from_density_formula" time="0.000" /><testcase classname="tests.test_ar_nerf" name="test_transmittance_recursion" time="0.000" /><testcase classname="tests.test_ar_nerf" name="test_weights_sum_to_one_minus_final_transmittance" time="0.001" /><testcase classname="tests.test_ar_nerf" name="test_volume_render_equals_alpha_compositing" time="0.000" /><testcase classname="tests.test_ar_nerf" name="test_opaque_first_sample_dominates" time="0.000" /><testcase classname="tests.test_ar_nerf" name="test_transparent_medium_renders_nothing" time="0.000" /><testcase classname="tests.test_ar_nerf" name="test_expected_depth_of_a_single_opaque_surface" time="0.000" /><testcase classname="tests.test_ar_pacing" name="test_target_timeline_monotone_at_fps" time="0.000" /><testcase classname="tests.test_ar_pacing" name="test_timeline_rejects_bad_fps" time="0.000" /><testcase classname="tests.test_ar_pacing" name="test_resample_at_keyframes_returns_keyframes" time="0.000" /><testcase classname="tests.test_ar_pacing" name="test_slerp_midpoint_is_constant_speed_geodesic" time="0.000" /><testcase classname="tests.test_ar_pacing" name="test_resample_linear_endpoints_and_midpoint" time="0.000" /><testcase classname="tests.test_ar_pacing" name="test_pace_keeps_expression_synced_to_rotation_timeline" time="0.000" /><testcase classname="tests.test_ar_pacing" name="test_pacing_is_deterministic" time="0.001" /><testcase classname="tests.test_ar_rigged" name="test_lbs_rest_identity" time="0.000" /><testcase classname="tests.test_ar_rigged" name="test_lbs_applies_shared_rigid_transform_once" time="0.000" /><testcase classname="tests.test_ar_rigged" name="test_retarget_recovers_known_rotation_with_det_plus_one" time="0.001" /><testcase classname="tests.test_ar_rigged" name="test_retarget_refuses_to_mirror" time="0.000" /><testcase classname="tests.test_ar_rigged" name="test_retarget_map_rejects_reflection_alignment" time="0.000" /><testcase classname="tests.test_ar_rigged" name="test_prioritized_joints_puts_fingers_and_wrist_first" time="0.000" /><testcase classname="tests.test_ar_rigged" name="test_joint_limit_correction_feasible" time="0.000" /><testcase classname="tests.test_ar_rigged" name="test_blendshapes_are_linear" time="0.000" /><testcase classname="tests.test_ar_stream" name="test_right_handed_basis_has_positive_determinant" time="0.000" /><testcase classname="tests.test_ar_stream" name="test_left_handed_basis_has_negative_determinant" time="0.000" /><testcase classname="tests.test_ar_stream" name="test_contract_rejects_bad_axes_and_scale" time="0.000" /><testcase classname="tests.test_ar_stream" name="test_valid_stream_passes" time="0.000" /><testcase classname="tests.test_ar_stream" name="test_non_monotone_timestamps_rejected" time="0.000" /><testcase classname="tests.test_ar_stream" name="test_non_finite_parameters_rejected" time="0.000" /><testcase classname="tests.test_ar_stream" name="test_shape_validation" time="0.000" /><testcase classname="tests.test_ar_stream" name="test_deterministic_replay" time="0.000" /><testcase classname="tests.test_bidirectional" name="test_builds_and_counts_params" time="0.007" /><testcase classname="tests.test_bidirectional" name="test_all_branch_losses_finite" time="0.014" /><testcase classname="tests.test_bidirectional" name="test_combined_training_step_reduces_loss" time="0.538" /><testcase classname="tests.test_bidirectional" name="test_speech_to_sign_end_to_end_shapes" time="0.028" /><testcase classname="tests.test_bidirectional" name="test_recognize_returns_gloss_lists" time="0.007" /><testcase classname="tests.test_bidirectional" name="test_generation_gradients_reach_denoiser_and_cond_encoder" time="0.013" /><testcase classname="tests.test_bidirectional" name="test_alignment_gradients_reach_manifold_encoder_only" time="0.010" /><testcase classname="tests.test_corpus" name="test_generate_and_validate" time="0.027" /><testcase classname="tests.test_corpus" name="test_generation_refuses_non_empty_directory" time="0.001" /><testcase classname="tests.test_corpus" name="test_generation_overwrite_requires_explicit_opt_in" time="0.389" /><testcase classname="tests.test_corpus" name="test_dataset_shapes" time="0.032" /><testcase classname="tests.test_corpus" name="test_collate_derives_consistent_branch_tensors" time="0.031" /><testcase classname="tests.test_corpus" name="test_src_is_a_consistent_bijection_of_gloss" time="0.031" /><testcase classname="tests.test_corpus" name="test_validate_detects_corruption" time="0.025" /><testcase classname="tests.test_cross_modal" name="test_cross_modal_output_shape" time="0.003" /><testcase classname="tests.test_cross_modal" name="test_unconditional_path_runs_without_context" time="0.002" /><testcase classname="tests.test_cross_modal" name="test_zero_init_output" time="0.002" /><testcase classname="tests.test_cross_modal" name="test_drop_yields_same_output_as_no_context" time="0.003" /><testcase classname="tests.test_cross_modal" name="test_conditioning_changes_output" time="0.003" /><testcase classname="tests.test_cross_modal" name="test_guided_diffusion_training_loss_finite" time="0.003" /><testcase classname="tests.test_cross_modal" name="test_guidance_scale_one_equals_plain_conditional" time="0.003" /><testcase classname="tests.test_cross_modal" name="test_guidance_extrapolates_between_cond_and_uncond" time="0.005" /><testcase classname="tests.test_cross_modal" name="test_guided_sampling_shapes" time="0.015" /><testcase classname="tests.test_cross_modal" name="test_cross_attention_uses_text_encoder_memory" time="0.004" /><testcase classname="tests.test_de_dedup" name="test_identical_images_hash_equal" time="0.001" /><testcase classname="tests.test_de_dedup" name="test_small_perturbation_small_hamming" time="0.000" /><testcase classname="tests.test_de_dedup" name="test_distinct_images_large_hamming" time="0.000" /><testcase classname="tests.test_de_dedup" name="test_hash_is_64_bits" time="0.000" /><testcase classname="tests.test_de_dedup" name="test_jaccard_bounds_and_identity" time="0.000" /><testcase classname="tests.test_de_dedup" name="test_jaccard_bigrams_stricter_than_unigrams" time="0.000" /><testcase classname="tests.test_de_dedup" name="test_edit_distance_bounds" time="0.000" /><testcase classname="tests.test_de_dedup" name="test_cluster_groups_near_duplicates" time="0.001" /><testcase classname="tests.test_de_dedup" name="test_near_threshold_pairs_flagged_for_review" time="0.000" /><testcase classname="tests.test_de_eaf" name="test_source_native_parse_preserves_order_metadata_values_and_reference_chain" time="0.002" /><testcase classname="tests.test_de_eaf" name="test_unaligned_elan_time_slots_are_preserved_without_interpolation" time="0.000" /><testcase classname="tests.test_de_eaf" name="test_manifest_never_relabels_source_annotations_as_sir_or_training_targets" time="0.039" /><testcase classname="tests.test_de_eaf" name="test_artifacts_are_hash_indexed_canonical_escaped_and_non_overwriting" time="0.033" /><testcase classname="tests.test_de_eaf" name="test_dtd_entities_comments_processing_instructions_and_cdata_fail_closed[&lt;!DOCTYPE foo [&lt;!ENTITY xxe SYSTEM &quot;file:///etc/passwd&quot;&gt;]&gt;]" time="0.000" /><testcase classname="tests.test_de_eaf" name="test_dtd_entities_comments_processing_instructions_and_cdata_fail_closed[&lt;!-- hidden annotation --&gt;]" time="0.000" /><testcase classname="tests.test_de_eaf" name="test_dtd_entities_comments_processing_instructions_and_cdata_fail_closed[&lt;?unsafe instruction?&gt;]" time="0.000" /><testcase classname="tests.test_de_eaf" name="test_dtd_entities_comments_processing_instructions_and_cdata_fail_closed[&lt;![CDATA[hidden]]&gt;]" time="0.000" /><testcase classname="tests.test_de_eaf" name="test_xinclude_unknown_elements_attributes_and_malformed_xml_fail_closed" time="0.001" /><testcase classname="tests.test_de_eaf" name="test_dangling_and_invalid_semantic_references_fail_closed[TIME_SLOT_REF1=&quot;missing&quot;-dangling time-slot]" time="0.000" /><testcase classname="tests.test_de_eaf" name="test_dangling_and_invalid_semantic_references_fail_closed[TIME_SLOT_REF1=&quot;ts2&quot;-non-positive interval]" time="0.000" /><testcase classname="tests.test_de_eaf" name="test_dangling_and_invalid_semantic_references_fail_closed[TIME_SLOT_REF2=&quot;ts1&quot;-non-positive interval]" time="0.001" /><testcase classname="tests.test_de_eaf" name="test_dangling_and_invalid_semantic_references_fail_closed[CVE_REF=&quot;missing&quot;-invalid CVE_REF]" time="0.000" /><testcase classname="tests.test_de_eaf" name="test_dangling_and_invalid_semantic_references_fail_closed[LINGUISTIC_TYPE_REF=&quot;missing&quot;-dangling linguistic-type]" time="0.000" /><testcase classname="tests.test_de_eaf" name="test_dangling_and_invalid_semantic_references_fail_closed[LANG_REF=&quot;missing&quot;-dangling language]" time="0.000" /><testcase classname="tests.test_de_eaf" name="test_duplicate_ids_overlap_and_cycles_fail_closed" time="0.001" /><testcase classname="tests.test_de_eaf" name="test_unicode_spoofing_and_noncanonical_text_fail_closed" time="0.000" /><testcase classname="tests.test_de_eaf" name="test_resource_limits_are_applied_before_semantic_use" time="0.001" /><testcase classname="tests.test_de_eaf" name="test_binding_is_exact_rejects_symlinks_escapes_mutation_and_out_of_range" time="0.008" /><testcase classname="tests.test_de_eaf" name="test_same_size_timestamp_preserving_media_mutation_is_detected" time="0.002" /><testcase classname="tests.test_de_eaf" name="test_eaf_and_license_symlinks_are_rejected" time="0.001" /><testcase classname="tests.test_de_eaf" name="test_manifest_loader_rejects_noncanonical_duplicate_nonfinite_and_false_claims" time="0.033" /><testcase classname="tests.test_de_eaf" name="test_manifest_tree_reconstruction_enforces_xml_resource_limits" time="0.000" /><testcase classname="tests.test_de_eaf" name="test_binding_output_is_deterministic_for_unchanged_source" time="0.061" /><testcase classname="tests.test_de_eaf" name="test_binding_configuration_rejects_ambiguity_unsafe_files_and_limits" time="0.002" /><testcase classname="tests.test_de_eaf" name="test_cli_creates_one_hash_bound_source_native_bundle" time="0.034" /><testcase classname="tests.test_de_eaf" name="test_auxiliary_evidence_is_unique_in_root_and_hash_bound" time="0.037" /><testcase classname="tests.test_de_governance" name="test_consent_withdrawal_is_terminal" time="0.000" /><testcase classname="tests.test_de_governance" name="test_consent_idempotent_same_state" time="0.000" /><testcase classname="tests.test_de_governance" name="test_withdrawal_removes_all_records_of_signer" time="0.000" /><testcase classname="tests.test_de_governance" name="test_retention_drops_expired_only" time="0.000" /><testcase classname="tests.test_de_governance" name="test_policy_gates_default_closed" time="0.000" /><testcase classname="tests.test_de_governance" name="test_policy_gate_opens_only_named_action" time="0.000" /><testcase classname="tests.test_de_governance" name="test_unknown_action_rejected" time="0.000" /><testcase classname="tests.test_de_governance" name="test_sensitive_trait_inference_always_raises" time="0.000" /><testcase classname="tests.test_de_how2sign" name="test_metadata_is_tab_delimited_unique_and_interval_checked" time="0.001" /><testcase classname="tests.test_de_how2sign" name="test_metadata_signer_id_requires_exact_official_name_encoding[source\tsource-8-rgb_front\tsource_1\tsource_1-5-rgb_front\t1\t2\tBad-same signer ID]" time="0.001" /><testcase classname="tests.test_de_how2sign" name="test_metadata_signer_id_requires_exact_official_name_encoding[source\tsource-7-rgb_front\tsource_1\tsource_1-7-rgb_front\t1\t2\tBad-unsupported Green Screen signer ID]" time="0.001" /><testcase classname="tests.test_de_how2sign" name="test_metadata_signer_id_requires_exact_official_name_encoding[source\tother-5-rgb_front\tsource_1\tsource_1-5-rgb_front\t1\t2\tBad-must encode VIDEO_ID]" time="0.001" /><testcase classname="tests.test_de_how2sign" name="test_how2sign_authorization_hashes_local_evidence_and_limits_scope" time="0.001" /><testcase classname="tests.test_de_how2sign" name="test_inventory_uses_exact_names_and_keeps_gate_failures_visible" time="0.002" /><testcase classname="tests.test_de_how2sign" name="test_openpose_decode_is_honest_2d_and_invalidates_without_clipping" time="0.002" /><testcase classname="tests.test_de_how2sign" name="test_openpose_rejects_frame_gaps_counts_and_ambiguous_people" time="0.002" /><testcase classname="tests.test_de_how2sign" name="test_openpose_empty_person_frame_remains_all_invalid" time="0.001" /><testcase classname="tests.test_de_how2sign" name="test_openpose_holistic_graph_is_connected_and_matches_joint_order" time="0.002" /><testcase classname="tests.test_de_how2sign" name="test_2d_holistic_graph_completes_model_forward_and_backward" time="0.008" /><testcase classname="tests.test_de_how2sign_audit" name="test_nonuniform_derivatives_and_zero_mad_are_explicit" time="0.005" /><testcase classname="tests.test_de_how2sign_audit" name="test_threshold_sets_are_nested_monotone_and_never_choose_optimum" time="0.001" /><testcase classname="tests.test_de_how2sign_audit" name="test_quality_metrics_never_create_3d_or_anatomical_verdict" time="0.003" /><testcase classname="tests.test_de_how2sign_audit" name="test_stable_hash_rejects_symlink_and_mid_read_mutation" time="0.001" /><testcase classname="tests.test_de_how2sign_audit" name="test_post_decode_identity_check_closes_hash_validation_race" time="0.001" /><testcase classname="tests.test_de_how2sign_audit" name="test_hierarchical_hash_requires_order_and_is_deterministic" time="0.001" /><testcase classname="tests.test_de_how2sign_audit" name="test_implementation_identity_survives_archive_without_git" time="0.001" /><testcase classname="tests.test_de_how2sign_audit" name="test_interrupted_audit_resumes_to_byte_stable_complete_manifest" time="0.129" /><testcase classname="tests.test_de_how2sign_audit" name="test_audit_recognizes_signer_mapping_only_after_exact_count_reconciliation" time="0.000" /><testcase classname="tests.test_de_how2sign_audit" name="test_resume_refuses_configuration_drift_and_bad_output_scope" time="0.061" /><testcase classname="tests.test_de_how2sign_audit" name="test_parallel_module_cli_is_spawn_safe_and_complete" time="1.311" /><testcase classname="tests.test_de_how2sign_audit" name="test_unexpected_schema_and_frame_gap_are_recorded_not_silenced" time="0.042" /><testcase classname="tests.test_de_how2sign_audit" name="test_nan_infinity_unicode_and_count_mismatch_fail_closed" time="0.003" /><testcase classname="tests.test_de_how2sign_audit" name="test_rendered_frame_count_mismatch_is_structural_failure" time="0.042" /><testcase classname="tests.test_de_how2sign_audit" name="test_missing_and_orphan_records_retain_every_obtainable_hash" time="0.043" /><testcase classname="tests.test_de_how2sign_audit" name="test_long_track_quality_is_linear_memory" time="0.002" /><testcase classname="tests.test_de_how2sign_audit" name="test_signer_certificate_requires_exact_counts_hashes_and_statuses" time="0.037" /><testcase classname="tests.test_de_how2sign_audit" name="test_signer_certificate_rejects_manifest_drift_and_unpinned_evidence" time="0.004" /><testcase classname="tests.test_de_integration" name="test_datasheet_incomplete_until_all_sections_and_credits" time="0.000" /><testcase classname="tests.test_de_integration" name="test_datasheet_requires_deaf_credits" time="0.000" /><testcase classname="tests.test_de_integration" name="test_manifest_carries_and_verifies_provenance_root" time="0.000" /><testcase classname="tests.test_de_integration" name="test_full_pipeline_gate_to_datasheet" time="0.002" /><testcase classname="tests.test_de_integration" name="test_cycle_stress_repeated_pipeline_is_deterministic" time="0.000" /><testcase classname="tests.test_de_integration" name="test_exporter_preserves_masks_lengths_labels_and_traceability" time="0.016" /><testcase classname="tests.test_de_integration" name="test_exporter_and_active_loader_preserve_explicit_2d_motion" time="0.012" /><testcase classname="tests.test_de_integration" name="test_exporter_rejects_invalid_confidence_and_overwrite" time="0.001" /><testcase classname="tests.test_de_integration" name="test_exporter_rejects_duplicate_ids_and_inconsistent_source_hashes" time="0.001" /><testcase classname="tests.test_de_integration" name="test_exact_ctc_feasibility_counts_repeated_labels" time="0.000" /><testcase classname="tests.test_de_integration" name="test_v2_shard_tampering_is_detected_before_loading" time="0.006" /><testcase classname="tests.test_de_integration" name="test_v2_validation_rejects_semantically_nonzero_padding_even_with_new_hash" time="0.006" /><testcase classname="tests.test_de_integration" name="test_stage_b_gate_fails_closed_without_external_attestations" time="0.017" /><testcase classname="tests.test_de_integration" name="test_stage_b_gate_accepts_a_complete_machine_verifiable_fixture" time="0.016" /><testcase classname="tests.test_de_integration" name="test_stage_b_gate_rejects_tampered_license_evidence" time="0.013" /><testcase classname="tests.test_de_integration" name="test_timestamped_media_decoders_are_strict" time="0.006" /><testcase classname="tests.test_de_integration" name="test_holistic_assembly_preserves_dense_parts_and_rejects_clock_drift" time="0.000" /><testcase classname="tests.test_de_provenance" name="test_gate_allows_only_full_precondition" time="0.000" /><testcase classname="tests.test_de_provenance" name="test_gate_blocks_missing_license_evidence" time="0.000" /><testcase classname="tests.test_de_provenance" name="test_gate_blocks_withdrawn_consent" time="0.000" /><testcase classname="tests.test_de_provenance" name="test_gate_blocks_disallowed_use" time="0.000" /><testcase classname="tests.test_de_provenance" name="test_published_noncommercial_license_allows_training_without_fake_consent" time="0.000" /><testcase classname="tests.test_de_provenance" name="test_published_license_cannot_be_mislabeled_as_direct_consent" time="0.000" /><testcase classname="tests.test_de_provenance" name="test_gate_rejects_malformed_authorization_inputs_without_crashing" time="0.000" /><testcase classname="tests.test_de_provenance" name="test_content_hash_is_order_insensitive_for_dicts" time="0.000" /><testcase classname="tests.test_de_provenance" name="test_content_hash_changes_on_any_edit" time="0.000" /><testcase classname="tests.test_de_provenance" name="test_chain_root_advances_and_verifies" time="0.000" /><testcase classname="tests.test_de_provenance" name="test_chain_detects_output_tampering" time="0.000" /><testcase classname="tests.test_de_provenance" name="test_chain_detects_step_reordering" time="0.000" /><testcase classname="tests.test_de_provenance" name="test_recompute_matches_incremental" time="0.000" /><testcase classname="tests.test_de_qc" name="test_per_tier_kappa_computed_independently" time="0.000" /><testcase classname="tests.test_de_qc" name="test_corpus_average_hides_weak_tier" time="0.000" /><testcase classname="tests.test_de_qc" name="test_stratify_partitions_all_items" time="0.000" /><testcase classname="tests.test_de_qc" name="test_stratified_sample_covers_every_stratum" time="0.000" /><testcase classname="tests.test_de_qc" name="test_stratified_sample_deterministic" time="0.000" /><testcase classname="tests.test_de_quality" name="test_projection_matrix_matches_pinhole_projection" time="0.000" /><testcase classname="tests.test_de_quality" name="test_dlt_recovers_known_point_from_two_views" time="0.001" /><testcase classname="tests.test_de_quality" name="test_dlt_recovers_from_many_views_with_confidence" time="0.001" /><testcase classname="tests.test_de_quality" name="test_triangulation_confidence_increases_with_confidence" time="0.000" /><testcase classname="tests.test_de_quality" name="test_triangulation_confidence_decreases_with_residual" time="0.000" /><testcase classname="tests.test_de_quality" name="test_weighted_residual_zero_when_projection_matches" time="0.000" /><testcase classname="tests.test_de_quality" name="test_weighted_residual_scales_with_confidence" time="0.001" /><testcase classname="tests.test_de_quality" name="test_weighted_residual_is_bounded_by_confidence" time="0.000" /><testcase classname="tests.test_de_quality" name="test_dlt_rejects_one_effective_view_and_invalid_confidence" time="0.001" /><testcase classname="tests.test_de_quality" name="test_dlt_rejects_coincident_camera_geometry" time="0.001" /><testcase classname="tests.test_de_quality" name="test_dlt_rejects_nonfinite_observations" time="0.000" /><testcase classname="tests.test_de_quality" name="test_triangulation_confidence_validates_its_mathematical_domain" time="0.000" /><testcase classname="tests.test_de_schema" name="test_valid_sample_passes" time="0.000" /><testcase classname="tests.test_de_schema" name="test_governance_critical_fields_required[sample_id--missing_sample_id]" time="0.000" /><testcase classname="tests.test_de_schema" name="test_governance_critical_fields_required[signer_id_hash--missing_signer_id_hash]" time="0.000" /><testcase classname="tests.test_de_schema" name="test_governance_critical_fields_required[license--missing_license]" time="0.000" /><testcase classname="tests.test_de_schema" name="test_governance_critical_fields_required[intended_use--missing_intended_use]" time="0.000" /><testcase classname="tests.test_de_schema" name="test_governance_critical_fields_required[provenance--missing_provenance]" time="0.000" /><testcase classname="tests.test_de_schema" name="test_governance_critical_fields_required[target_language--missing_target_language]" time="0.000" /><testcase classname="tests.test_de_schema" name="test_governance_critical_fields_required[split-holdout-invalid_split]" time="0.000" /><testcase classname="tests.test_de_schema" name="test_explicit_authorization_is_required_and_must_match_license" time="0.000" /><testcase classname="tests.test_de_schema" name="test_confidence_range_enforced" time="0.000" /><testcase classname="tests.test_de_schema" name="test_group_key_is_signer_and_source" time="0.000" /><testcase classname="tests.test_de_schema" name="test_no_sensitive_trait_field_on_record" time="0.000" /><testcase classname="tests.test_de_schema" name="test_dataset_map_complete_and_non_redistributable" time="0.000" /><testcase classname="tests.test_de_schema" name="test_source_portfolio_forbids_cross_source_capability_stitching" time="0.000" /><testcase classname="tests.test_de_schema" name="test_source_portfolio_fails_closed_on_access_and_rights[request_required-permitted-not_locally_verified:request_required]" time="0.000" /><testcase classname="tests.test_de_schema" name="test_source_portfolio_fails_closed_on_access_and_rights[local_verified-permission_required-rights_not_permitted:permission_required]" time="0.000" /><testcase classname="tests.test_de_schema" name="test_source_portfolio_fails_closed_on_access_and_rights[local_verified-unresolved-rights_not_permitted:unresolved]" time="0.000" /><testcase classname="tests.test_de_schema" name="test_source_portfolio_requires_real_evidence_and_strict_identifiers" time="0.000" /><testcase classname="tests.test_de_schema" name="test_current_pre_phase_2_gate_remains_closed_with_explicit_failures" time="0.000" /><testcase classname="tests.test_de_splitting" name="test_components_join_every_recording_from_the_same_signer" time="0.000" /><testcase classname="tests.test_de_splitting" name="test_components_close_transitively_over_shared_sources" time="0.000" /><testcase classname="tests.test_de_splitting" name="test_grouped_split_is_leakage_free" time="0.000" /><testcase classname="tests.test_de_splitting" name="test_all_samples_assigned_and_ratios_approx" time="0.000" /><testcase classname="tests.test_de_splitting" name="test_certificate_detects_a_hand_crafted_leak" time="0.000" /><testcase classname="tests.test_de_splitting" name="test_certificate_detects_source_leak_across_different_signers" time="0.000" /><testcase classname="tests.test_de_splitting" name="test_windows_inherit_parent_split_no_leak" time="0.000" /><testcase classname="tests.test_de_splitting" name="test_invalid_ratios_rejected" time="0.000" /><testcase classname="tests.test_denoiser" name="test_output_shape_matches_input" time="0.003" /><testcase classname="tests.test_denoiser" name="test_zero_initialised_output" time="0.002" /><testcase classname="tests.test_denoiser" name="test_conditioning_is_optional" time="0.002" /><testcase classname="tests.test_denoiser" name="test_timestep_embedding_shape_and_finiteness" time="0.000" /><testcase classname="tests.test_dep_backpressure" name="test_overload_without_backpressure_diverges" time="0.000" /><testcase classname="tests.test_dep_backpressure" name="test_overload_with_backpressure_is_bounded" time="0.000" /><testcase classname="tests.test_dep_backpressure" name="test_underload_stays_small_either_way" time="0.000" /><testcase classname="tests.test_dep_backpressure" name="test_backlog_growth_rate" time="0.000" /><testcase classname="tests.test_dep_backpressure" name="test_bounded_latency_is_capacity_over_rate" time="0.000" /><testcase classname="tests.test_dep_backpressure" name="test_backpressure_trigger_watermark" time="0.000" /><testcase classname="tests.test_dep_backpressure" name="test_bad_parameters_rejected" time="0.000" /><testcase classname="tests.test_dep_integration" name="test_full_deployment_pipeline" time="0.001" /><testcase classname="tests.test_dep_integration" name="test_replay_flags_a_checkpoint_miss" time="0.000" /><testcase classname="tests.test_dep_integration" name="test_cycle_stress_determinism" time="0.000" /><testcase classname="tests.test_dep_latency_budget" name="test_throughput_bounded_by_slowest_stage" time="0.000" /><testcase classname="tests.test_dep_latency_budget" name="test_first_output_is_sum_of_stages" time="0.000" /><testcase classname="tests.test_dep_latency_budget" name="test_first_output_budget_matches_document_formula" time="0.000" /><testcase classname="tests.test_dep_latency_budget" name="test_negative_latency_rejected" time="0.000" /><testcase classname="tests.test_dep_latency_budget" name="test_percentiles_ordering" time="0.000" /><testcase classname="tests.test_dep_latency_budget" name="test_latency_claim_not_credible_without_disclosure" time="0.000" /><testcase classname="tests.test_dep_latency_budget" name="test_latency_claim_credible_with_full_disclosure" time="0.000" /><testcase classname="tests.test_dep_latency_budget" name="test_hardware_report_requires_named_device_and_batch1" time="0.000" /><testcase classname="tests.test_dep_optimization_gate" name="test_online_softmax_equals_full_softmax" time="0.001" /><testcase classname="tests.test_dep_optimization_gate" name="test_online_softmax_attention_equals_standard" time="0.001" /><testcase classname="tests.test_dep_optimization_gate" name="test_online_softmax_numerically_stable_large_logits" time="0.000" /><testcase classname="tests.test_dep_optimization_gate" name="test_error_helpers" time="0.000" /><testcase classname="tests.test_dep_optimization_gate" name="test_certify_accepts_equivalent_and_quality_preserving" time="0.000" /><testcase classname="tests.test_dep_optimization_gate" name="test_certify_rejects_numerically_divergent_transform" time="0.000" /><testcase classname="tests.test_dep_optimization_gate" name="test_certify_rejects_quality_regression" time="0.000" /><testcase classname="tests.test_dep_optimization_gate" name="test_int8_transform_passes_gate_at_reasonable_tolerance" time="0.000" /><testcase classname="tests.test_dep_quantization" name="test_fp16_relative_error_within_bound" time="0.000" /><testcase classname="tests.test_dep_quantization" name="test_fp16_round_trip_exact_for_representable" time="0.000" /><testcase classname="tests.test_dep_quantization" name="test_symmetric_int8_error_within_half_scale" time="0.000" /><testcase classname="tests.test_dep_quantization" name="test_symmetric_int8_range_endpoints" time="0.000" /><testcase classname="tests.test_dep_quantization" name="test_affine_uint8_error_within_half_scale" time="0.000" /><testcase classname="tests.test_dep_quantization" name="test_affine_handles_constant_tensor" time="0.000" /><testcase classname="tests.test_dep_quantization" name="test_percentile_calibration_shrinks_range" time="0.001" /><testcase classname="tests.test_dep_quantization" name="test_range_coverage_certificate" time="0.000" /><testcase classname="tests.test_dep_runtime_controls" name="test_low_confidence_name_triggers_clarification" time="0.000" /><testcase classname="tests.test_dep_runtime_controls" name="test_high_confidence_name_emits" time="0.000" /><testcase classname="tests.test_dep_runtime_controls" name="test_ordinary_token_defers_to_policy" time="0.000" /><testcase classname="tests.test_dep_runtime_controls" name="test_fallback_is_deterministic" time="0.000" /><testcase classname="tests.test_dep_runtime_controls" name="test_telemetry_healthy_and_violations" time="0.000" /><testcase classname="tests.test_dep_runtime_controls" name="test_privacy_buffer_never_retains_beyond_window" time="0.000" /><testcase classname="tests.test_dep_runtime_controls" name="test_privacy_clear_zeroises_and_drops" time="0.000" /><testcase classname="tests.test_dep_runtime_controls" name="test_privacy_buffer_rejects_bad_window" time="0.000" /><testcase classname="tests.test_dep_static_execution" name="test_static_executor_replays_captured_shape" time="0.000" /><testcase classname="tests.test_dep_static_execution" name="test_static_executor_rejects_new_shape" time="0.000" /><testcase classname="tests.test_dep_static_execution" name="test_replay_before_capture_raises" time="0.000" /><testcase classname="tests.test_dep_static_execution" name="test_distill_requires_quality_baseline" time="0.000" /><testcase classname="tests.test_dep_static_execution" name="test_int8_requires_fp16_first" time="0.000" /><testcase classname="tests.test_dep_static_execution" name="test_cuda_graphs_require_stable_shapes_first" time="0.000" /><testcase classname="tests.test_dep_static_execution" name="test_documented_order_is_monotone" time="0.000" /><testcase classname="tests.test_dep_streaming_contract" name="test_is_prefix" time="0.000" /><testcase classname="tests.test_dep_streaming_contract" name="test_monotone_history_certified" time="0.000" /><testcase classname="tests.test_dep_streaming_contract" name="test_non_monotone_history_pinpointed" time="0.000" /><testcase classname="tests.test_dep_streaming_contract" name="test_commit_must_extend" time="0.000" /><testcase classname="tests.test_dep_streaming_contract" name="test_suffix_is_freely_revisable" time="0.000" /><testcase classname="tests.test_dep_streaming_contract" name="test_committed_history_certifies_after_valid_run" time="0.000" /><testcase classname="tests.test_dep_streaming_contract" name="test_commitment_errors_against_reference" time="0.000" /><testcase classname="tests.test_dg_consistency" name="test_consistency_coeffs_boundary" time="0.000" /><testcase classname="tests.test_dg_consistency" name="test_consistency_model_satisfies_boundary_condition" time="0.001" /><testcase classname="tests.test_dg_consistency" name="test_consistency_model_nontrivial_away_from_boundary" time="0.000" /><testcase classname="tests.test_dg_consistency" name="test_self_consistency_loss_differentiable_and_zero_when_agree" time="0.001" /><testcase classname="tests.test_dg_consistency" name="test_rectified_flow_interpolant_endpoints" time="0.000" /><testcase classname="tests.test_dg_consistency" name="test_rectified_flow_velocity_is_constant_and_recovers_x0" time="0.000" /><testcase classname="tests.test_dg_consistency" name="test_straight_path_makes_few_step_sampling_exact" time="0.000" /><testcase classname="tests.test_dg_constraints" name="test_joint_limit_penalty_zero_iff_within_limits" time="0.000" /><testcase classname="tests.test_dg_constraints" name="test_joint_limit_penalty_is_differentiable" time="0.000" /><testcase classname="tests.test_dg_constraints" name="test_project_joint_limits_is_idempotent_and_feasible" time="0.000" /><testcase classname="tests.test_dg_constraints" name="test_collision_penalty_zero_when_separated_positive_when_penetrating" time="0.000" /><testcase classname="tests.test_dg_constraints" name="test_contact_penalty_zero_when_required_contacts_made" time="0.000" /><testcase classname="tests.test_dg_constraints" name="test_temporal_boundary_penalty_zero_when_matching" time="0.000" /><testcase classname="tests.test_dg_constraints" name="test_project_feasible_lands_on_feasible_set" time="0.000" /><testcase classname="tests.test_dg_dit" name="test_dit_block_is_identity_at_init" time="0.002" /><testcase classname="tests.test_dg_dit" name="test_dit_outputs_zero_at_init" time="0.003" /><testcase classname="tests.test_dg_dit" name="test_output_depends_on_timestep" time="0.003" /><testcase classname="tests.test_dg_dit" name="test_output_depends_on_condition_vector" time="0.004" /><testcase classname="tests.test_dg_dit" name="test_output_depends_on_cross_attention_tokens" time="0.004" /><testcase classname="tests.test_dg_dit" name="test_gradients_flow_through_dit" time="0.005" /><testcase classname="tests.test_dg_dit" name="test_modulate_formula" time="0.000" /><testcase classname="tests.test_dg_guidance" name="test_guidance_formula_and_w0_recovery" time="0.000" /><testcase classname="tests.test_dg_guidance" name="test_cfg_is_parameterization_equivariant" time="0.000" /><testcase classname="tests.test_dg_guidance" name="test_condition_dropout_replaces_dropped_with_null" time="0.000" /><testcase classname="tests.test_dg_guidance" name="test_drop_mask_probability" time="0.000" /><testcase classname="tests.test_dg_guidance" name="test_guidance_annealing_high_early_low_late" time="0.000" /><testcase classname="tests.test_dg_guidance" name="test_guidance_shrinks_guided_gaussian_variance" time="0.000" /><testcase classname="tests.test_dg_inpaint" name="test_merge_selects_known_and_unknown_regions" time="0.000" /><testcase classname="tests.test_dg_inpaint" name="test_forward_diffuse_known_noise_free_anchor" time="0.000" /><testcase classname="tests.test_dg_inpaint" name="test_inpaint_step_exact_anchor_at_t0" time="0.000" /><testcase classname="tests.test_dg_inpaint" name="test_known_region_ignores_model_proposal" time="0.001" /><testcase classname="tests.test_dg_inpaint" name="test_streaming_overlap_mask" time="0.000" /><testcase classname="tests.test_dg_inpaint" name="test_full_inpaint_loop_preserves_known_region" time="0.004" /><testcase classname="tests.test_dg_integration" name="test_training_loss_finite_and_gradient_flows" time="0.004" /><testcase classname="tests.test_dg_integration" name="test_generator_overfits_a_tiny_clip" time="0.617" /><testcase classname="tests.test_dg_integration" name="test_sampling_shape_and_finite" time="0.016" /><testcase classname="tests.test_dg_integration" name="test_diffusion_is_multimodal_deterministic_is_not" time="0.070" /><testcase classname="tests.test_dg_integration" name="test_semantic_preservation_verified_multimodality" time="0.086" /><testcase classname="tests.test_dg_integration" name="test_constraint_projected_sampling_is_feasible" time="0.012" /><testcase classname="tests.test_dg_integration" name="test_classifier_free_guidance_sampling_runs" time="0.022" /><testcase classname="tests.test_dg_integration" name="test_jerk_zero_for_constant_velocity_positive_for_jittery" time="0.000" /><testcase classname="tests.test_dg_integration" name="test_p95_generation_time" time="0.000" /><testcase classname="tests.test_dg_integration" name="test_cycle_stress_determinism_and_finiteness" time="0.772" /><testcase classname="tests.test_dg_part_aware" name="test_part_loss_weights_vector" time="0.000" /><testcase classname="tests.test_dg_part_aware" name="test_weighted_mse_emphasises_upweighted_part" time="0.000" /><testcase classname="tests.test_dg_part_aware" name="test_weighted_mse_reduces_to_plain_mse_when_uniform" time="0.000" /><testcase classname="tests.test_dg_part_aware" name="test_part_schedules_are_valid_forwards" time="0.000" /><testcase classname="tests.test_dg_part_aware" name="test_kappa_one_matches_base_schedule" time="0.000" /><testcase classname="tests.test_dg_part_aware" name="test_lower_kappa_retains_more_signal_and_higher_snr" time="0.000" /><testcase classname="tests.test_dg_part_aware" name="test_part_a_b_satisfies_unit_circle" time="0.000" /><testcase classname="tests.test_dg_part_aware" name="test_invalid_kappa_rejected" time="0.000" /><testcase classname="tests.test_dg_schedule" name="test_alpha_bar_monotone_from_one_to_zero" time="0.000" /><testcase classname="tests.test_dg_schedule" name="test_a_squared_plus_b_squared_is_one" time="0.000" /><testcase classname="tests.test_dg_schedule" name="test_eps_x0_round_trip" time="0.000" /><testcase classname="tests.test_dg_schedule" name="test_v_inversions_exact" time="0.000" /><testcase classname="tests.test_dg_schedule" name="test_to_x0_dispatch_consistent_across_parameterizations" time="0.000" /><testcase classname="tests.test_dg_schedule" name="test_eps_loss_is_snr_weighted_x0_loss" time="0.000" /><testcase classname="tests.test_dg_schedule" name="test_v_loss_reweights_x0_loss" time="0.000" /><testcase classname="tests.test_dg_schedule" name="test_posterior_matches_gaussian_motion_diffusion" time="0.000" /><testcase classname="tests.test_dg_schedule" name="test_forward_marginal_has_correct_mean_and_variance" time="0.001" /><testcase classname="tests.test_diffusion" name="test_beta_schedule_valid_range[linear]" time="0.000" /><testcase classname="tests.test_diffusion" name="test_beta_schedule_valid_range[cosine]" time="0.000" /><testcase classname="tests.test_diffusion" name="test_alphas_cumprod_monotone_decreasing[linear]" time="0.000" /><testcase classname="tests.test_diffusion" name="test_alphas_cumprod_monotone_decreasing[cosine]" time="0.000" /><testcase classname="tests.test_diffusion" name="test_q_sample_matches_analytic_mean_and_variance" time="0.005" /><testcase classname="tests.test_diffusion" name="test_predict_start_inverts_q_sample_exactly" time="0.001" /><testcase classname="tests.test_diffusion" name="test_posterior_variance_positive_and_matches_formula" time="0.000" /><testcase classname="tests.test_diffusion" name="test_posterior_mean_coefficients_convexity" time="0.000" /><testcase classname="tests.test_diffusion" name="test_p_losses_is_finite_scalar" time="0.003" /><testcase classname="tests.test_diffusion" name="test_sampling_shapes" time="0.035" /><testcase classname="tests.test_ef_comprehension" name="test_perfect_recovery_is_f1_one" time="0.000" /><testcase classname="tests.test_ef_comprehension" name="test_partial_recovery_prf" time="0.000" /><testcase classname="tests.test_ef_comprehension" name="test_missing_and_hallucinated_propositions_penalised" time="0.000" /><testcase classname="tests.test_ef_comprehension" name="test_mean_comprehension_over_items" time="0.000" /><testcase classname="tests.test_ef_comprehension" name="test_proposition_agreement_perfect_and_disagreeing" time="0.000" /><testcase classname="tests.test_ef_comprehension" name="test_preference_comprehension_dissociation" time="0.000" /><testcase classname="tests.test_ef_comprehension" name="test_blinded_trial_forbids_text_priming" time="0.000" /><testcase classname="tests.test_ef_contracts" name="test_ge_contract_passes_and_fails" time="0.000" /><testcase classname="tests.test_ef_contracts" name="test_le_contract_passes_and_fails" time="0.000" /><testcase classname="tests.test_ef_contracts" name="test_contract_requires_caveat" time="0.000" /><testcase classname="tests.test_ef_contracts" name="test_boundary_is_inclusive" time="0.000" /><testcase classname="tests.test_ef_contracts" name="test_chain_adequate_only_if_all_pass" time="0.000" /><testcase classname="tests.test_ef_contracts" name="test_single_passing_metric_is_insufficient" time="0.000" /><testcase classname="tests.test_ef_contracts" name="test_empty_chain_is_not_adequate" time="0.000" /><testcase classname="tests.test_ef_contracts" name="test_adding_a_failing_contract_can_only_lower_adequacy" time="0.000" /><testcase classname="tests.test_ef_integration" name="test_full_evaluation_framework_pipeline" time="0.080" /><testcase classname="tests.test_ef_integration" name="test_cycle_stress_determinism" time="0.000" /><testcase classname="tests.test_ef_metric_stack" name="test_all_seven_layers_have_caveats" time="0.000" /><testcase classname="tests.test_ef_metric_stack" name="test_metric_factory_attaches_required_caveat" time="0.000" /><testcase classname="tests.test_ef_metric_stack" name="test_wrong_caveat_is_rejected" time="0.000" /><testcase classname="tests.test_ef_metric_stack" name="test_caveat_flows_into_contract" time="0.000" /><testcase classname="tests.test_ef_metric_stack" name="test_report_groups_by_layer_and_lists_caveats" time="0.000" /><testcase classname="tests.test_ef_metric_stack" name="test_full_stack_covers_all_layers" time="0.000" /><testcase classname="tests.test_ef_protocol" name="test_registration_hash_is_deterministic_and_order_independent" time="0.000" /><testcase classname="tests.test_ef_protocol" name="test_registration_requires_min_effect_for_each_endpoint" time="0.000" /><testcase classname="tests.test_ef_protocol" name="test_firewall_blocks_test_selection" time="0.000" /><testcase classname="tests.test_ef_protocol" name="test_firewall_blocks_unregistered_primary_endpoint" time="0.000" /><testcase classname="tests.test_ef_protocol" name="test_endpoint_confirmed_requires_significant_and_meaningful" time="0.000" /><testcase classname="tests.test_ef_protocol" name="test_signer_held_out_split_is_certified_leakage_free" time="0.000" /><testcase classname="tests.test_ef_reporting" name="test_required_baselines_enforced" time="0.000" /><testcase classname="tests.test_ef_reporting" name="test_exceeding_human_upper_reference_is_flagged" time="0.000" /><testcase classname="tests.test_ef_reporting" name="test_worst_slice_direction_aware" time="0.000" /><testcase classname="tests.test_ef_reporting" name="test_aggregate_can_hide_a_failing_slice" time="0.000" /><testcase classname="tests.test_ef_reporting" name="test_model_card_incomplete_until_all_sections_and_failures" time="0.000" /><testcase classname="tests.test_ef_reporting" name="test_complete_model_card" time="0.000" /><testcase classname="tests.test_ef_reporting" name="test_model_card_requires_failure_reporting" time="0.000" /><testcase classname="tests.test_ef_statistics" name="test_paired_permutation_exact_hand_case" time="0.000" /><testcase classname="tests.test_ef_statistics" name="test_sign_test_exact_hand_case" time="0.000" /><testcase classname="tests.test_ef_statistics" name="test_permutation_pvalue_is_a_probability" time="0.003" /><testcase classname="tests.test_ef_statistics" name="test_large_consistent_effect_is_significant" time="0.072" /><testcase classname="tests.test_ef_statistics" name="test_no_effect_is_not_significant" time="0.000" /><testcase classname="tests.test_ef_statistics" name="test_t_statistic_sign_and_zero" time="0.000" /><testcase classname="tests.test_ef_statistics" name="test_bootstrap_ci_degenerate_constant" time="0.010" /><testcase classname="tests.test_ef_statistics" name="test_bootstrap_ci_brackets_mean" time="0.012" /><testcase classname="tests.test_ef_statistics" name="test_aggregate_seeds" time="0.010" /><testcase classname="tests.test_ef_statistics" name="test_significant_and_meaningful_requires_both" time="0.000" /><testcase classname="tests.test_ef_statistics" name="test_sign_tail_matches_independent_integer_oracle[60-60]" time="0.000" /><testcase classname="tests.test_ef_statistics" name="test_sign_tail_matches_independent_integer_oracle[0-60]" time="0.000" /><testcase classname="tests.test_ef_statistics" name="test_sign_tail_matches_independent_integer_oracle[83-100]" time="0.000" /><testcase classname="tests.test_ef_statistics" name="test_sign_tail_matches_independent_integer_oracle[500-1000]" time="0.005" /><testcase classname="tests.test_ef_statistics" name="test_permutation_scale_invariance[1e-100]" time="0.000" /><testcase classname="tests.test_ef_statistics" name="test_permutation_scale_invariance[1.0]" time="0.000" /><testcase classname="tests.test_ef_statistics" name="test_permutation_scale_invariance[1e+100]" time="0.000" /><testcase classname="tests.test_ef_statistics" name="test_paired_helpers_reject_invalid_evidence[paired_differences-bad0]" time="0.000" /><testcase classname="tests.test_ef_statistics" name="test_paired_helpers_reject_invalid_evidence[paired_differences-bad1]" time="0.000" /><testcase classname="tests.test_ef_statistics" name="test_paired_helpers_reject_invalid_evidence[paired_differences-bad2]" time="0.000" /><testcase classname="tests.test_ef_statistics" name="test_paired_helpers_reject_invalid_evidence[paired_differences-bad3]" time="0.000" /><testcase classname="tests.test_ef_statistics" name="test_paired_helpers_reject_invalid_evidence[paired_differences-bad4]" time="0.000" /><testcase classname="tests.test_ef_statistics" name="test_paired_helpers_reject_invalid_evidence[paired_differences-bad5]" time="0.000" /><testcase classname="tests.test_ef_statistics" name="test_paired_helpers_reject_invalid_evidence[paired_differences-bad6]" time="0.000" /><testcase classname="tests.test_ef_statistics" name="test_paired_helpers_reject_invalid_evidence[paired_t_statistic-bad0]" time="0.000" /><testcase classname="tests.test_ef_statistics" name="test_paired_helpers_reject_invalid_evidence[paired_t_statistic-bad1]" time="0.000" /><testcase classname="tests.test_ef_statistics" name="test_paired_helpers_reject_invalid_evidence[paired_t_statistic-bad2]" time="0.000" /><testcase classname="tests.test_ef_statistics" name="test_paired_helpers_reject_invalid_evidence[paired_t_statistic-bad3]" time="0.000" /><testcase classname="tests.test_ef_statistics" name="test_paired_helpers_reject_invalid_evidence[paired_t_statistic-bad4]" time="0.000" /><testcase classname="tests.test_ef_statistics" name="test_paired_helpers_reject_invalid_evidence[paired_t_statistic-bad5]" time="0.000" /><testcase classname="tests.test_ef_statistics" name="test_paired_helpers_reject_invalid_evidence[paired_t_statistic-bad6]" time="0.001" /><testcase classname="tests.test_ef_statistics" name="test_paired_helpers_reject_invalid_evidence[paired_permutation_pvalue-bad0]" time="0.000" /><testcase classname="tests.test_ef_statistics" name="test_paired_helpers_reject_invalid_evidence[paired_permutation_pvalue-bad1]" time="0.000" /><testcase classname="tests.test_ef_statistics" name="test_paired_helpers_reject_invalid_evidence[paired_permutation_pvalue-bad2]" time="0.000" /><testcase classname="tests.test_ef_statistics" name="test_paired_helpers_reject_invalid_evidence[paired_permutation_pvalue-bad3]" time="0.000" /><testcase classname="tests.test_ef_statistics" name="test_paired_helpers_reject_invalid_evidence[paired_permutation_pvalue-bad4]" time="0.000" /><testcase classname="tests.test_ef_statistics" name="test_paired_helpers_reject_invalid_evidence[paired_permutation_pvalue-bad5]" time="0.001" /><testcase classname="tests.test_ef_statistics" name="test_paired_helpers_reject_invalid_evidence[paired_permutation_pvalue-bad6]" time="0.000" /><testcase classname="tests.test_ef_statistics" name="test_paired_helpers_reject_invalid_evidence[sign_test_pvalue-bad0]" time="0.000" /><testcase classname="tests.test_ef_statistics" name="test_paired_helpers_reject_invalid_evidence[sign_test_pvalue-bad1]" time="0.000" /><testcase classname="tests.test_ef_statistics" name="test_paired_helpers_reject_invalid_evidence[sign_test_pvalue-bad2]" time="0.000" /><testcase classname="tests.test_ef_statistics" name="test_paired_helpers_reject_invalid_evidence[sign_test_pvalue-bad3]" time="0.000" /><testcase classname="tests.test_ef_statistics" name="test_paired_helpers_reject_invalid_evidence[sign_test_pvalue-bad4]" time="0.000" /><testcase classname="tests.test_ef_statistics" name="test_paired_helpers_reject_invalid_evidence[sign_test_pvalue-bad5]" time="0.000" /><testcase classname="tests.test_ef_statistics" name="test_paired_helpers_reject_invalid_evidence[sign_test_pvalue-bad6]" time="0.000" /><testcase classname="tests.test_ef_statistics" name="test_permutation_rejects_invalid_controls_even_for_exact_case[kwargs0]" time="0.000" /><testcase classname="tests.test_ef_statistics" name="test_permutation_rejects_invalid_controls_even_for_exact_case[kwargs1]" time="0.000" /><testcase classname="tests.test_ef_statistics" name="test_permutation_rejects_invalid_controls_even_for_exact_case[kwargs2]" time="0.001" /><testcase classname="tests.test_ef_statistics" name="test_permutation_rejects_invalid_controls_even_for_exact_case[kwargs3]" time="0.000" /><testcase classname="tests.test_ef_statistics" name="test_permutation_rejects_invalid_controls_even_for_exact_case[kwargs4]" time="0.000" /><testcase classname="tests.test_ef_statistics" name="test_permutation_rejects_invalid_controls_even_for_exact_case[kwargs5]" time="0.000" /><testcase classname="tests.test_ef_statistics" name="test_permutation_rejects_invalid_controls_even_for_exact_case[kwargs6]" time="0.000" /><testcase classname="tests.test_ef_statistics" name="test_significance_gate_rejects_invalid_probability[nan]" time="0.000" /><testcase classname="tests.test_ef_statistics" name="test_significance_gate_rejects_invalid_probability[inf]" time="0.000" /><testcase classname="tests.test_ef_statistics" name="test_significance_gate_rejects_invalid_probability[-1.0]" time="0.000" /><testcase classname="tests.test_ef_statistics" name="test_significance_gate_rejects_invalid_probability[1.1]" time="0.000" /><testcase classname="tests.test_ef_statistics" name="test_significance_gate_rejects_invalid_probability[True]" time="0.000" /><testcase classname="tests.test_ef_statistics" name="test_bootstrap_rejects_invalid_controls_or_statistics[kwargs0]" time="0.000" /><testcase classname="tests.test_ef_statistics" name="test_bootstrap_rejects_invalid_controls_or_statistics[kwargs1]" time="0.000" /><testcase classname="tests.test_ef_statistics" name="test_bootstrap_rejects_invalid_controls_or_statistics[kwargs2]" time="0.000" /><testcase classname="tests.test_ef_statistics" name="test_bootstrap_rejects_invalid_controls_or_statistics[kwargs3]" time="0.000" /><testcase classname="tests.test_ef_statistics" name="test_bootstrap_rejects_invalid_controls_or_statistics[kwargs4]" time="0.000" /><testcase classname="tests.test_ef_statistics" name="test_bootstrap_rejects_invalid_controls_or_statistics[kwargs5]" time="0.000" /><testcase classname="tests.test_ef_statistics" name="test_overflowing_pairs_rejected_and_large_t_is_stable" time="0.000" /><testcase classname="tests.test_ef_text_metrics" name="test_identical_corpus_bleu_is_one" time="0.000" /><testcase classname="tests.test_ef_text_metrics" name="test_bleu_brevity_penalty_for_short_hypothesis" time="0.000" /><testcase classname="tests.test_ef_text_metrics" name="test_bleu_zero_when_no_overlap_and_no_smooth" time="0.000" /><testcase classname="tests.test_ef_text_metrics" name="test_bleu_smoothing_avoids_hard_zero_on_partial_match" time="0.000" /><testcase classname="tests.test_ef_text_metrics" name="test_signature_is_deterministic" time="0.000" /><testcase classname="tests.test_ef_text_metrics" name="test_bertscore_identical_embeddings_is_one" time="0.001" /><testcase classname="tests.test_ef_text_metrics" name="test_bertscore_is_token_order_invariant" time="0.001" /><testcase classname="tests.test_ef_text_metrics" name="test_bertscore_f1_between_zero_and_one" time="0.001" /><testcase classname="tests.test_ef_text_metrics" name="test_idf_weights_downweight_common_tokens" time="0.000" /><testcase classname="tests.test_ef_text_metrics" name="test_bertscore_idf_changes_score" time="0.001" /><testcase classname="tests.test_fidelity" name="test_standardizer_roundtrip_and_stats" time="0.056" /><testcase classname="tests.test_fidelity" name="test_normalization_stats_come_from_train_only" time="0.099" /><testcase classname="tests.test_fidelity" name="test_uniform_sampling_by_default" time="0.002" /><testcase classname="tests.test_fidelity" name="test_high_t_emphasis_shifts_distribution" time="0.002" /><testcase classname="tests.test_fidelity" name="test_high_t_params_validated" time="0.002" /><testcase classname="tests.test_fidelity" name="test_finetune_generation_reduces_generation_loss" time="0.234" /><testcase classname="tests.test_fidelity" name="test_finetune_generation_leaves_manifold_untouched" time="0.102" /><testcase classname="tests.test_fn_articulate" name="test_expression_is_linear_in_intensity" time="0.000" /><testcase classname="tests.test_fn_articulate" name="test_expression_is_intensity_monotone" time="0.001" /><testcase classname="tests.test_fn_articulate" name="test_jaw_rotation_is_so3_and_angle_scales_with_value" time="0.001" /><testcase classname="tests.test_fn_articulate" name="test_eye_rotation_is_so3" time="0.000" /><testcase classname="tests.test_fn_articulate" name="test_blendshape_articulation_linear_and_zero_expr_is_mean" time="0.000" /><testcase classname="tests.test_fn_articulate" name="test_marker_one_hot" time="0.000" /><testcase classname="tests.test_fn_channels" name="test_event_validation" time="0.000" /><testcase classname="tests.test_fn_channels" name="test_grammatical_vs_affective_markers" time="0.000" /><testcase classname="tests.test_fn_channels" name="test_marker_channels_mapping_is_concurrent" time="0.000" /><testcase classname="tests.test_fn_channels" name="test_nested_scopes_are_proper" time="0.000" /><testcase classname="tests.test_fn_channels" name="test_partially_crossing_scopes_are_rejected" time="0.000" /><testcase classname="tests.test_fn_channels" name="test_disjoint_scopes_are_proper" time="0.000" /><testcase classname="tests.test_fn_channels" name="test_nesting_forest" time="0.000" /><testcase classname="tests.test_fn_decoder" name="test_output_shape_and_valid_probabilities" time="0.002" /><testcase classname="tests.test_fn_decoder" name="test_channels_are_independent_not_softmax" time="0.002" /><testcase classname="tests.test_fn_decoder" name="test_output_depends_on_conditioning" time="0.002" /><testcase classname="tests.test_fn_decoder" name="test_decode_spans_from_activations" time="0.001" /><testcase classname="tests.test_fn_decoder" name="test_bce_and_gradient_flow" time="0.002" /><testcase classname="tests.test_fn_disentangle" name="test_grad_reverse_is_identity_forward_negates_backward" time="0.000" /><testcase classname="tests.test_fn_disentangle" name="test_adversary_gradient_is_reversed" time="0.001" /><testcase classname="tests.test_fn_disentangle" name="test_affect_not_recoverable_from_independent_z_ling" time="0.000" /><testcase classname="tests.test_fn_disentangle" name="test_leakage_probe_has_power_when_affect_folded_in" time="0.000" /><testcase classname="tests.test_fn_evaluation" name="test_minimal_pair_distinguishes_grammatical_markers" time="0.000" /><testcase classname="tests.test_fn_evaluation" name="test_minimal_pair_accuracy" time="0.000" /><testcase classname="tests.test_fn_evaluation" name="test_scope_boundary_error" time="0.000" /><testcase classname="tests.test_fn_evaluation" name="test_gaze_locus_agreement_cosine" time="0.000" /><testcase classname="tests.test_fn_evaluation" name="test_head_manual_synchronisation" time="0.000" /><testcase classname="tests.test_fn_evaluation" name="test_channel_ablation_drop" time="0.000" /><testcase classname="tests.test_fn_integration" name="test_nonmanual_events_land_in_valid_sir" time="0.000" /><testcase classname="tests.test_fn_integration" name="test_scope_containment_is_both_a_validity_rule_and_a_loss" time="0.000" /><testcase classname="tests.test_fn_integration" name="test_events_rasterise_and_articulate" time="0.000" /><testcase classname="tests.test_fn_integration" name="test_marker_fixture_changes_only_nonmanual_sir_labels" time="0.000" /><testcase classname="tests.test_fn_integration" name="test_cycle_stress_determinism_and_finiteness" time="0.002" /><testcase classname="tests.test_fn_losses" name="test_boundary_targets_mark_run_onset_and_offset" time="0.000" /><testcase classname="tests.test_fn_losses" name="test_boundary_targets_single_frame_run" time="0.000" /><testcase classname="tests.test_fn_losses" name="test_boundary_loss_minimised_by_correct_prediction" time="0.000" /><testcase classname="tests.test_fn_losses" name="test_scope_loss_zero_when_marker_contains_unit" time="0.000" /><testcase classname="tests.test_fn_losses" name="test_temporal_smoothness_zero_on_constant_positive_on_flicker" time="0.000" /><testcase classname="tests.test_fn_losses" name="test_total_nmm_loss_assembles_and_weights" time="0.001" /><testcase classname="tests.test_fn_uncertainty" name="test_focal_modulation_shrinks_for_easy_examples" time="0.000" /><testcase classname="tests.test_fn_uncertainty" name="test_focal_suppresses_easy_more_than_bce" time="0.000" /><testcase classname="tests.test_fn_uncertainty" name="test_class_balanced_weights_larger_for_rarer" time="0.000" /><testcase classname="tests.test_fn_uncertainty" name="test_nll_minimised_at_true_variance" time="0.000" /><testcase classname="tests.test_fn_uncertainty" name="test_low_agreement_maps_to_higher_uncertainty" time="0.000" /><testcase classname="tests.test_grammar_grammar_tests" name="test_negation_minimal_pair" time="0.000" /><testcase classname="tests.test_grammar_grammar_tests" name="test_negation_adds_exactly_the_neg_marker" time="0.000" /><testcase classname="tests.test_grammar_grammar_tests" name="test_yesno_vs_wh_are_distinct_markers" time="0.000" /><testcase classname="tests.test_grammar_grammar_tests" name="test_topicalization_reorders_and_marks" time="0.000" /><testcase classname="tests.test_grammar_grammar_tests" name="test_conditional_minimal_pair" time="0.000" /><testcase classname="tests.test_grammar_grammar_tests" name="test_aspect_changes_timing_not_order" time="0.000" /><testcase classname="tests.test_grammar_grammar_tests" name="test_plural_adds_morphology_only" time="0.000" /><testcase classname="tests.test_grammar_grammar_tests" name="test_role_shift_minimal_pair" time="0.000" /><testcase classname="tests.test_grammar_grammar_tests" name="test_every_feature_flip_is_licensed" time="0.000" /><testcase classname="tests.test_grammar_grammar_tests" name="test_a_feature_flip_actually_changes_something" time="0.000" /><testcase classname="tests.test_grammar_grammar_tests" name="test_locus_persists_across_sentences" time="0.000" /><testcase classname="tests.test_grammar_grammar_tests" name="test_distinct_referents_get_distinct_loci" time="0.000" /><testcase classname="tests.test_grammar_grammar_tests" name="test_oov_tokens_become_fingerspelling" time="0.000" /><testcase classname="tests.test_grammar_grammar_tests" name="test_every_token_is_covered_none_dropped" time="0.000" /><testcase classname="tests.test_grammar_grammar_tests" name="test_fingerspelled_sequence_is_temporally_ordered" time="0.000" /><testcase classname="tests.test_grammar_graph_transformer" name="test_zero_bias_reduces_to_standard_attention" time="0.001" /><testcase classname="tests.test_grammar_graph_transformer" name="test_attention_weights_are_a_distribution" time="0.001" /><testcase classname="tests.test_grammar_graph_transformer" name="test_positive_bias_increases_attention_to_the_biased_pair" time="0.001" /><testcase classname="tests.test_grammar_graph_transformer" name="test_masking_gives_exact_zero_without_nan" time="0.000" /><testcase classname="tests.test_grammar_graph_transformer" name="test_module_zero_init_bias_matches_plain_attention" time="0.001" /><testcase classname="tests.test_grammar_graph_transformer" name="test_module_relation_bias_changes_output_once_trained" time="0.001" /><testcase classname="tests.test_grammar_graph_transformer" name="test_module_rejects_out_of_range_relation_id" time="0.000" /><testcase classname="tests.test_grammar_graph_transformer" name="test_module_requires_divisible_dims" time="0.000" /><testcase classname="tests.test_grammar_graph_transformer" name="test_layer_shapes_and_gradients" time="0.001" /><testcase classname="tests.test_grammar_graph_transformer" name="test_decoder_intervals_are_valid_by_construction" time="0.010" /><testcase classname="tests.test_grammar_graph_transformer" name="test_decoder_marker_head_is_multilabel" time="0.001" /><testcase classname="tests.test_grammar_graph_transformer" name="test_decoder_can_overfit_target_intervals" time="0.239" /><testcase classname="tests.test_grammar_integration" name="test_gloss_projection_equals_plan_manual_order" time="0.000" /><testcase classname="tests.test_grammar_integration" name="test_nonmanual_spans_become_scoped_events" time="0.000" /><testcase classname="tests.test_grammar_integration" name="test_nonmanual_span_time_covers_its_units" time="0.000" /><testcase classname="tests.test_grammar_integration" name="test_fingerspelled_units_are_fingerspell_events" time="0.000" /><testcase classname="tests.test_grammar_integration" name="test_no_information_is_dropped" time="0.000" /><testcase classname="tests.test_grammar_integration" name="test_produced_sir_is_structurally_valid" time="0.000" /><testcase classname="tests.test_grammar_integration" name="test_produced_sir_intervals_are_temporally_consistent" time="0.000" /><testcase classname="tests.test_grammar_integration" name="test_projection_is_a_topological_order_of_manual_dag" time="0.000" /><testcase classname="tests.test_grammar_integration" name="test_loci_annotated_only_when_mapping_supplied" time="0.000" /><testcase classname="tests.test_grammar_integration" name="test_coref_edges_link_repeated_referent" time="0.000" /><testcase classname="tests.test_grammar_integration" name="test_whole_chain_stress_over_many_plans" time="0.009" /><testcase classname="tests.test_grammar_nonmanual" name="test_bce_matches_manual_computation" time="0.001" /><testcase classname="tests.test_grammar_nonmanual" name="test_bce_respects_the_position_mask" time="0.001" /><testcase classname="tests.test_grammar_nonmanual" name="test_bce_rejects_shape_mismatch" time="0.000" /><testcase classname="tests.test_grammar_nonmanual" name="test_multilabel_allows_co_occurring_markers" time="0.000" /><testcase classname="tests.test_grammar_nonmanual" name="test_spans_from_contiguous_activation_run" time="0.000" /><testcase classname="tests.test_grammar_nonmanual" name="test_spans_split_on_gaps" time="0.000" /><testcase classname="tests.test_grammar_nonmanual" name="test_no_activation_yields_no_spans" time="0.000" /><testcase classname="tests.test_grammar_nonmanual" name="test_spans_rejects_bad_rank" time="0.000" /><testcase classname="tests.test_grammar_nonmanual" name="test_scope_containing_the_unit_has_zero_loss" time="0.000" /><testcase classname="tests.test_grammar_nonmanual" name="test_scope_not_containing_the_unit_is_penalised" time="0.000" /><testcase classname="tests.test_grammar_nonmanual" name="test_scope_containment_is_trainable" time="0.025" /><testcase classname="tests.test_grammar_nonmanual" name="test_head_shapes_and_overfit" time="0.031" /><testcase classname="tests.test_grammar_nonmanual" name="test_head_rejects_bad_rank" time="0.000" /><testcase classname="tests.test_grammar_notation" name="test_phonology_validates_clean_sign" time="0.000" /><testcase classname="tests.test_grammar_notation" name="test_sigml_round_trips" time="0.000" /><testcase classname="tests.test_grammar_notation" name="test_sigml_serialization_is_deterministic" time="0.000" /><testcase classname="tests.test_grammar_notation" name="test_from_sigml_rejects_malformed" time="0.000" /><testcase classname="tests.test_grammar_notation" name="test_two_handed_flag_survives_serialization" time="0.000" /><testcase classname="tests.test_grammar_notation" name="test_dialect_variants_are_kept_distinct" time="0.000" /><testcase classname="tests.test_grammar_notation" name="test_register_variants_are_selectable_not_merged" time="0.000" /><testcase classname="tests.test_grammar_notation" name="test_variation_sets_of_the_same_concept_are_recognised" time="0.000" /><testcase classname="tests.test_grammar_notation" name="test_gloss_source_classification" time="0.000" /><testcase classname="tests.test_grammar_notation" name="test_noisy_labels_are_down_weighted_relative_to_gold" time="0.000" /><testcase classname="tests.test_grammar_notation" name="test_gloss_confidence_is_validated" time="0.000" /><testcase classname="tests.test_grammar_notation" name="test_provenance_lets_a_consumer_prefer_validated_labels" time="0.000" /><testcase classname="tests.test_grammar_signbleu" name="test_within_channel_ngrams_are_per_channel" time="0.000" /><testcase classname="tests.test_grammar_signbleu" name="test_blended_grams_capture_co_temporal_cross_channel_tokens" time="0.000" /><testcase classname="tests.test_grammar_signbleu" name="test_identical_multichannel_scores_one" time="0.000" /><testcase classname="tests.test_grammar_signbleu" name="test_dropping_a_channel_lowers_the_score" time="0.000" /><testcase classname="tests.test_grammar_signbleu" name="test_clipping_caps_repeated_grams" time="0.000" /><testcase classname="tests.test_grammar_signbleu" name="test_brevity_penalty_punishes_short_output" time="0.000" /><testcase classname="tests.test_grammar_signbleu" name="test_no_overlap_scores_zero" time="0.000" /><testcase classname="tests.test_grammar_signbleu" name="test_identical_short_utterance_scores_one_effective_order" time="0.000" /><testcase classname="tests.test_grammar_signbleu" name="test_sign_bleu_rejects_bad_order" time="0.000" /><testcase classname="tests.test_grammar_signbleu" name="test_cohens_kappa_perfect_agreement" time="0.000" /><testcase classname="tests.test_grammar_signbleu" name="test_cohens_kappa_matches_hand_computation" time="0.000" /><testcase classname="tests.test_grammar_signbleu" name="test_cohens_kappa_can_be_negative_below_chance" time="0.000" /><testcase classname="tests.test_grammar_signbleu" name="test_cohens_kappa_near_zero_at_chance" time="0.000" /><testcase classname="tests.test_grammar_signbleu" name="test_cohens_kappa_validates_input" time="0.000" /><testcase classname="tests.test_grammar_signbleu" name="test_fleiss_kappa_perfect_agreement" time="0.000" /><testcase classname="tests.test_grammar_signbleu" name="test_fleiss_kappa_below_chance_is_negative" time="0.000" /><testcase classname="tests.test_grammar_signbleu" name="test_fleiss_kappa_validates_rater_counts" time="0.000" /><testcase classname="tests.test_grammar_signbleu" name="test_agreement_instrument_on_two_raters" time="0.000" /><testcase classname="tests.test_grammar_signbleu" name="test_agreement_instrument_requires_two_raters" time="0.000" /><testcase classname="tests.test_grammar_sir" name="test_valid_graph_passes" time="0.000" /><testcase classname="tests.test_grammar_sir" name="test_manual_and_nonmanual_partition" time="0.000" /><testcase classname="tests.test_grammar_sir" name="test_event_duration_and_time_overlap" time="0.000" /><testcase classname="tests.test_grammar_sir" name="test_rule_invalid_interval" time="0.000" /><testcase classname="tests.test_grammar_sir" name="test_rule_edge_to_missing_node" time="0.000" /><testcase classname="tests.test_grammar_sir" name="test_rule_precedence_cycle" time="0.000" /><testcase classname="tests.test_grammar_sir" name="test_rule_scope_source_must_be_nonmanual" time="0.000" /><testcase classname="tests.test_grammar_sir" name="test_rule_scope_target_must_be_manual" time="0.000" /><testcase classname="tests.test_grammar_sir" name="test_rule_coref_referent_mismatch" time="0.000" /><testcase classname="tests.test_grammar_sir" name="test_rule_locus_out_of_range" time="0.000" /><testcase classname="tests.test_grammar_sir" name="test_rule_locus_collision" time="0.000" /><testcase classname="tests.test_grammar_sir" name="test_rule_duplicate_event_id" time="0.000" /><testcase classname="tests.test_grammar_sir" name="test_nonfinite_event_time_is_rejected[nan]" time="0.000" /><testcase classname="tests.test_grammar_sir" name="test_nonfinite_event_time_is_rejected[inf]" time="0.000" /><testcase classname="tests.test_grammar_sir" name="test_nonfinite_event_time_is_rejected[-inf]" time="0.000" /><testcase classname="tests.test_grammar_sir" name="test_unrepresentable_integer_time_is_a_validation_error[9007199254740993]" time="0.000" /><testcase classname="tests.test_grammar_sir" name="test_unrepresentable_integer_time_is_a_validation_error[10000000000000000000000000000000000000000000000000000000000000000000000000000000000000000000000000000000000000000000000000000000000000000000000000000000000000000000000000000000000000000000000000000000000000000000000000000000000000000000000000000000000000000000000000000000000000000000000000000000000000000000000000000000000000000000000000000000000000000000000000000000000000000000000000000000000000000]" time="0.000" /><testcase classname="tests.test_grammar_sir" name="test_boolean_and_negative_identifiers_are_rejected" time="0.000" /><testcase classname="tests.test_grammar_sir" name="test_duplicate_self_and_temporally_false_edges_are_rejected" time="0.000" /><testcase classname="tests.test_grammar_sir" name="test_nonoverlapping_overlap_edge_is_rejected" time="0.000" /><testcase classname="tests.test_grammar_sir" name="test_hallucination_rule_with_lexicon" time="0.000" /><testcase classname="tests.test_grammar_sir" name="test_fingerspelled_event_is_not_hallucinated" time="0.000" /><testcase classname="tests.test_grammar_sir" name="test_gloss_projection_respects_precedence" time="0.000" /><testcase classname="tests.test_grammar_sir" name="test_gloss_projection_is_a_valid_topological_order" time="0.000" /><testcase classname="tests.test_grammar_sir" name="test_manual_projection_cannot_read_a_stale_graph_index" time="0.000" /><testcase classname="tests.test_grammar_sir" name="test_gloss_projection_excludes_nonmanual_events" time="0.000" /><testcase classname="tests.test_grammar_sir" name="test_gloss_projection_is_deterministic" time="0.000" /><testcase classname="tests.test_grammar_sir" name="test_gloss_projection_raises_on_cyclic_precedence" time="0.000" /><testcase classname="tests.test_grammar_sir" name="test_is_topological_order_detects_violation" time="0.000" /><testcase classname="tests.test_grammar_sir" name="test_canonical_sir_round_trip_and_hash_ignore_list_order" time="0.000" /><testcase classname="tests.test_grammar_sir" name="test_sir_parser_rejects_unknown_fields_and_noncanonical_types" time="0.000" /><testcase classname="tests.test_grammar_temporal" name="test_classification_of_the_canonical_thirteen" time="0.000" /><testcase classname="tests.test_grammar_temporal" name="test_classification_is_exhaustive_over_a_grid" time="0.000" /><testcase classname="tests.test_grammar_temporal" name="test_before_and_after_are_inverses" time="0.000" /><testcase classname="tests.test_grammar_temporal" name="test_intervals_intersect_predicate" time="0.000" /><testcase classname="tests.test_grammar_temporal" name="test_loss_is_zero_when_satisfied[precedence]" time="0.000" /><testcase classname="tests.test_grammar_temporal" name="test_loss_is_zero_when_satisfied[meets]" time="0.000" /><testcase classname="tests.test_grammar_temporal" name="test_loss_is_zero_when_satisfied[contains]" time="0.000" /><testcase classname="tests.test_grammar_temporal" name="test_loss_is_zero_when_satisfied[during]" time="0.000" /><testcase classname="tests.test_grammar_temporal" name="test_loss_is_zero_when_satisfied[overlap]" time="0.000" /><testcase classname="tests.test_grammar_temporal" name="test_loss_is_zero_when_satisfied[equals]" time="0.000" /><testcase classname="tests.test_grammar_temporal" name="test_loss_is_positive_when_violated[precedence]" time="0.000" /><testcase classname="tests.test_grammar_temporal" name="test_loss_is_positive_when_violated[meets]" time="0.000" /><testcase classname="tests.test_grammar_temporal" name="test_loss_is_positive_when_violated[contains]" time="0.000" /><testcase classname="tests.test_grammar_temporal" name="test_loss_is_positive_when_violated[during]" time="0.000" /><testcase classname="tests.test_grammar_temporal" name="test_loss_is_positive_when_violated[overlap]" time="0.000" /><testcase classname="tests.test_grammar_temporal" name="test_loss_is_positive_when_violated[equals]" time="0.000" /><testcase classname="tests.test_grammar_temporal" name="test_loss_is_nonnegative_everywhere[precedence]" time="0.002" /><testcase classname="tests.test_grammar_temporal" name="test_loss_is_nonnegative_everywhere[meets]" time="0.002" /><testcase classname="tests.test_grammar_temporal" name="test_loss_is_nonnegative_everywhere[contains]" time="0.002" /><testcase classname="tests.test_grammar_temporal" name="test_loss_is_nonnegative_everywhere[during]" time="0.002" /><testcase classname="tests.test_grammar_temporal" name="test_loss_is_nonnegative_everywhere[overlap]" time="0.002" /><testcase classname="tests.test_grammar_temporal" name="test_loss_is_nonnegative_everywhere[equals]" time="0.002" /><testcase classname="tests.test_grammar_temporal" name="test_gradient_descent_satisfies_the_relation[precedence]" time="0.027" /><testcase classname="tests.test_grammar_temporal" name="test_gradient_descent_satisfies_the_relation[meets]" time="0.025" /><testcase classname="tests.test_grammar_temporal" name="test_gradient_descent_satisfies_the_relation[contains]" time="0.041" /><testcase classname="tests.test_grammar_temporal" name="test_gradient_descent_satisfies_the_relation[during]" time="0.043" /><testcase classname="tests.test_grammar_temporal" name="test_gradient_descent_satisfies_the_relation[overlap]" time="0.046" /><testcase classname="tests.test_grammar_temporal" name="test_gradient_descent_satisfies_the_relation[equals]" time="0.041" /><testcase classname="tests.test_grammar_temporal" name="test_precedence_loss_zero_iff_strictly_before" time="0.000" /><testcase classname="tests.test_grammar_temporal" name="test_precedence_loss_grows_linearly_with_violation" time="0.000" /><testcase classname="tests.test_grammar_temporal" name="test_validity_loss_zero_for_ordered_interval" time="0.000" /><testcase classname="tests.test_grammar_temporal" name="test_contains_and_during_are_symmetric_forms" time="0.000" /><testcase classname="tests.test_grammar_temporal" name="test_sir_temporal_loss_zero_for_a_consistent_graph" time="0.000" /><testcase classname="tests.test_grammar_temporal" name="test_sir_temporal_loss_penalises_precedence_violation" time="0.000" /><testcase classname="tests.test_grammar_temporal" name="test_sir_temporal_loss_is_trainable_end_to_end" time="0.051" /><testcase classname="tests.test_grammar_temporal" name="test_unknown_edge_type_contributes_zero_temporal_loss" time="0.000" /><testcase classname="tests.test_hand_graph_geometry" name="test_estimate_velocity_finite_difference" time="0.000" /><testcase classname="
[...]
e classname="tests.test_speech_prosody" name="test_difference_function_is_zero_at_lag_zero" time="0.000" /><testcase classname="tests.test_speech_prosody" name="test_difference_function_dips_at_true_period" time="0.001" /><testcase classname="tests.test_speech_prosody" name="test_cmnd_first_value_is_one_and_shape_preserved" time="0.000" /><testcase classname="tests.test_speech_prosody" name="test_cmnd_matches_manual_definition" time="0.000" /><testcase classname="tests.test_speech_prosody" name="test_cmnd_of_degenerate_frame_is_maximally_aperiodic" time="0.000" /><testcase classname="tests.test_speech_prosody" name="test_f0_of_pure_sine_is_accurate[100.0]" time="0.003" /><testcase classname="tests.test_speech_prosody" name="test_f0_of_pure_sine_is_accurate[150.0]" time="0.002" /><testcase classname="tests.test_speech_prosody" name="test_f0_of_pure_sine_is_accurate[220.0]" time="0.002" /><testcase classname="tests.test_speech_prosody" name="test_f0_of_pure_sine_is_accurate[330.0]" time="0.002" /><testcase classname="tests.test_speech_prosody" name="test_f0_avoids_octave_error_on_harmonic_stack" time="0.002" /><testcase classname="tests.test_speech_prosody" name="test_silence_is_unvoiced" time="0.001" /><testcase classname="tests.test_speech_prosody" name="test_near_silence_is_unvoiced_via_energy_gate" time="0.001" /><testcase classname="tests.test_speech_prosody" name="test_dc_offset_signal_is_unvoiced" time="0.001" /><testcase classname="tests.test_speech_prosody" name="test_white_noise_is_mostly_unvoiced" time="0.002" /><testcase classname="tests.test_speech_prosody" name="test_voiced_frames_have_low_aperiodicity" time="0.001" /><testcase classname="tests.test_speech_prosody" name="test_f0_search_range_is_respected" time="0.002" /><testcase classname="tests.test_speech_prosody" name="test_invalid_f0_range_rejected" time="0.000" /><testcase classname="tests.test_speech_prosody" name="test_difference_function_rejects_short_frames" time="0.000" /><testcase classname="tests.test_speech_prosody" name="test_detect_pauses_finds_injected_silence" time="0.000" /><testcase classname="tests.test_speech_prosody" name="test_no_pause_in_continuous_speech" time="0.000" /><testcase classname="tests.test_speech_prosody" name="test_short_gaps_are_not_pauses" time="0.000" /><testcase classname="tests.test_speech_prosody" name="test_pause_detection_is_gain_invariant" time="0.000" /><testcase classname="tests.test_speech_prosody" name="test_all_silence_is_one_pause" time="0.000" /><testcase classname="tests.test_speech_prosody" name="test_extractor_shape_and_finiteness" time="0.001" /><testcase classname="tests.test_speech_prosody" name="test_extractor_logf0_matches_voiced_frames" time="0.001" /><testcase classname="tests.test_speech_prosody" name="test_extractor_resample_to_target_grid" time="0.001" /><testcase classname="tests.test_speech_prosody" name="test_extractor_handles_too_short_audio" time="0.000" /><testcase classname="tests.test_speech_revision" name="test_lcp_basic_cases" time="0.000" /><testcase classname="tests.test_speech_revision" name="test_committed_prefix_never_shrinks" time="0.001" /><testcase classname="tests.test_speech_revision" name="test_committed_tokens_are_immutable" time="0.001" /><testcase classname="tests.test_speech_revision" name="test_uncommitted_completes_the_full_hypothesis" time="0.000" /><testcase classname="tests.test_speech_revision" name="test_unambiguous_stream_commits_and_never_revises" time="0.001" /><testcase classname="tests.test_speech_revision" name="test_ambiguous_stream_produces_revisions" time="0.003" /><testcase classname="tests.test_speech_revision" name="test_stability_requirement_delays_commitment" time="0.001" /><testcase classname="tests.test_speech_revision" name="test_agreement_requirement_blocks_commitment_when_beam_disagrees" time="0.000" /><testcase classname="tests.test_speech_revision" name="test_finalize_commits_everything" time="0.000" /><testcase classname="tests.test_speech_revision" name="test_finalize_without_any_input_is_safe" time="0.000" /><testcase classname="tests.test_speech_revision" name="test_empty_update_is_a_noop" time="0.000" /><testcase classname="tests.test_speech_revision" name="test_update_validates_rank" time="0.000" /><testcase classname="tests.test_speech_revision" name="test_constructor_validates_arguments" time="0.000" /><testcase classname="tests.test_speech_revision" name="test_reset_clears_all_state" time="0.000" /><testcase classname="tests.test_speech_revision" name="test_premature_commitment_is_counted_not_hidden" time="0.001" /><testcase classname="tests.test_speech_revision" name="test_conservative_policy_reduces_commitment_errors" time="0.007" /><testcase classname="tests.test_speech_revision" name="test_commitment_error_rate_is_bounded" time="0.001" /><testcase classname="tests.test_speech_revision" name="test_commitment_error_count_against_reference" time="0.000" /><testcase classname="tests.test_speech_revision" name="test_revision_stats_definitions" time="0.000" /><testcase classname="tests.test_speech_revision" name="test_empty_stats_do_not_divide_by_zero" time="0.000" /><testcase classname="tests.test_speech_revision" name="test_position_emissions_accumulate_per_update" time="0.000" /><testcase classname="tests.test_speech_revision" name="test_lattice_is_exposed_for_uncertainty_inspection" time="0.000" /><testcase classname="tests.test_speech_stage2_integration" name="test_recognizer_actually_decodes_not_merely_loses_less" time="1.661" /><testcase classname="tests.test_speech_stage2_integration" name="test_beam_search_recovers_the_spoken_tokens" time="0.009" /><testcase classname="tests.test_speech_stage2_integration" name="test_nbest_is_ranked_and_top_hypothesis_dominates" time="0.003" /><testcase classname="tests.test_speech_stage2_integration" name="test_forced_alignment_timestamps_land_on_the_actual_words" time="0.002" /><testcase classname="tests.test_speech_stage2_integration" name="test_timestamps_are_ordered_and_within_the_audio" time="0.002" /><testcase classname="tests.test_speech_stage2_integration" name="test_streaming_decoder_commits_monotonically_on_real_audio" time="0.005" /><testcase classname="tests.test_speech_stage2_integration" name="test_confident_stream_has_low_revision_rate" time="0.005" /><testcase classname="tests.test_speech_stage2_integration" name="test_lattice_exposes_low_confidence_regions" time="0.003" /><testcase classname="tests.test_speech_stage3_integration" name="test_noisy_evaluation_actually_produces_errors" time="2.011" /><testcase classname="tests.test_speech_stage3_integration" name="test_confidence_is_informative_about_correctness" time="0.000" /><testcase classname="tests.test_speech_stage3_integration" name="test_abstention_raises_accuracy_on_real_model_output" time="0.000" /><testcase classname="tests.test_speech_stage3_integration" name="test_risk_falls_as_coverage_falls" time="0.002" /><testcase classname="tests.test_speech_stage3_integration" name="test_temperature_scaling_reduces_its_fitted_objective" time="0.083" /><testcase classname="tests.test_speech_stage3_integration" name="test_temperature_scaling_preserves_frame_accuracy" time="0.035" /><testcase classname="tests.test_speech_stage3_integration" name="test_brier_decomposition_is_exact_on_real_confidences" time="0.001" /><testcase classname="tests.test_speech_stage3_integration" name="test_policy_never_emits_below_threshold_on_real_output" time="0.000" /><testcase classname="tests.test_speech_stage3_integration" name="test_policy_suppresses_errors_it_would_otherwise_assert" time="0.000" /><testcase classname="tests.test_speech_stage3_integration" name="test_out_of_lexicon_word_is_fingerspelled_not_signed" time="0.000" /><testcase classname="tests.test_speech_stage3_integration" name="test_full_chain_audio_to_policy_decision" time="0.003" /><testcase classname="tests.test_speech_stage4_integration" name="test_composite_objective_still_decodes_correctly" time="2.176" /><testcase classname="tests.test_speech_stage4_integration" name="test_all_terms_are_finite_during_training" time="0.002" /><testcase classname="tests.test_speech_stage4_integration" name="test_boundary_term_is_what_makes_the_head_work" time="4.100" /><testcase classname="tests.test_speech_stage4_integration" name="test_boundary_predictions_are_sparse_like_the_targets" time="2.144" /><testcase classname="tests.test_speech_stage4_integration" name="test_brier_term_does_not_measurably_improve_ece_at_this_scale" time="4.148" /><testcase classname="tests.test_speech_stage4_integration" name="test_contrastive_term_participates_and_retrieval_is_reported" time="0.478" /><testcase classname="tests.test_speech_stage4_integration" name="test_freeze_first_protects_the_encoder_then_releases_it" time="0.112" /><testcase classname="tests.test_speech_stage5_harness" name="test_baseline_is_at_ceiling_and_is_not_flagged" time="2.199" /><testcase classname="tests.test_speech_stage5_harness" name="test_every_perturbed_condition_is_informative" time="0.000" /><testcase classname="tests.test_speech_stage5_harness" name="test_perturbed_conditions_actually_degrade" time="0.000" /><testcase classname="tests.test_speech_stage5_harness" name="test_wer_breakdown_identifies_the_failure_mode" time="0.039" /><testcase classname="tests.test_speech_stage5_harness" name="test_cer_is_computed_over_a_real_orthography" time="0.006" /><testcase classname="tests.test_speech_stage5_harness" name="test_timestamp_error_is_measured_against_physical_spans" time="0.006" /><testcase classname="tests.test_speech_stage5_harness" name="test_ece_and_revision_rate_are_reported" time="0.019" /><testcase classname="tests.test_speech_stage5_harness" name="test_probe_learns_the_clean_task_before_it_is_used_for_ablation" time="0.835" /><testcase classname="tests.test_speech_stage5_harness" name="test_all_three_arms_are_evaluated" time="0.000" /><testcase classname="tests.test_speech_stage5_harness" name="test_downstream_degrades_under_perturbation" time="0.000" /><testcase classname="tests.test_speech_stage5_harness" name="test_arms_are_genuinely_different_representations" time="0.008" /><testcase classname="tests.test_speech_stage5_harness" name="test_unknown_arm_is_rejected" time="0.006" /><testcase classname="tests.test_speech_stage5_harness" name="test_full_report_renders_with_all_required_fields" time="0.039" /><testcase classname="tests.test_speech_streaming" name="test_streaming_matches_offline_uniform_chunks" time="0.002" /><testcase classname="tests.test_speech_streaming" name="test_streaming_matches_offline_ragged_chunks" time="0.002" /><testcase classname="tests.test_speech_streaming" name="test_streaming_equals_offline_exactly_on_tonal_audio" time="0.001" /><testcase classname="tests.test_speech_streaming" name="test_float32_streaming_on_tonal_audio_agrees_where_there_is_signal" time="0.001" /><testcase classname="tests.test_speech_streaming" name="test_streaming_equals_offline_exactly_in_float64" time="0.002" /><testcase classname="tests.test_speech_streaming" name="test_streaming_sample_by_sample_matches_offline" time="0.001" /><testcase classname="tests.test_speech_streaming" name="test_frame_count_matches_analytic_formula" time="0.001" /><testcase classname="tests.test_speech_streaming" name="test_no_output_before_first_full_window" time="0.001" /><testcase classname="tests.test_speech_streaming" name="test_overlap_tail_is_retained" time="0.001" /><testcase classname="tests.test_speech_streaming" name="test_reset_clears_state" time="0.001" /><testcase classname="tests.test_speech_streaming" name="test_streaming_rejects_centered_front_end" time="0.001" /><testcase classname="tests.test_speech_streaming" name="test_streaming_rejects_non_causal_global_floor" time="0.001" /><testcase classname="tests.test_speech_streaming" name="test_causality_flag_reflects_floor_mode" time="0.003" /><testcase classname="tests.test_speech_streaming" name="test_fixed_floor_is_applied_and_streaming_safe" time="0.001" /><testcase classname="tests.test_speech_streaming" name="test_push_rejects_bad_rank" time="0.001" /><testcase classname="tests.test_speech_streaming" name="test_algorithmic_latency_closed_form" time="0.000" /><testcase classname="tests.test_speech_streaming" name="test_excess_set_when_window_is_a_multiple_of_hop" time="0.000" /><testcase classname="tests.test_speech_streaming" name="test_excess_set_when_window_is_not_a_multiple_of_hop" time="0.000" /><testcase classname="tests.test_speech_streaming" name="test_chunking_delay_is_bounded_by_one_chunk" time="0.000" /><testcase classname="tests.test_speech_streaming" name="test_zero_lookahead_still_has_window_latency" time="0.000" /><testcase classname="tests.test_speech_streaming" name="test_latency_model_validates_arguments" time="0.000" /><testcase classname="tests.test_speech_streaming" name="test_measured_latency_matches_closed_form[1-0]" time="0.000" /><testcase classname="tests.test_speech_streaming" name="test_measured_latency_matches_closed_form[4-0]" time="0.000" /><testcase classname="tests.test_speech_streaming" name="test_measured_latency_matches_closed_form[8-4]" time="0.000" /><testcase classname="tests.test_speech_streaming" name="test_measured_latency_matches_closed_form[16-2]" time="0.000" /><testcase classname="tests.test_speech_streaming" name="test_median_and_p95_are_reported_and_ordered" time="0.000" /><testcase classname="tests.test_speech_streaming" name="test_larger_right_context_strictly_increases_latency" time="0.000" /><testcase classname="tests.test_speech_streaming" name="test_describe_reports_chunk_and_right_context" time="0.000" /><testcase classname="tests.test_speech_streaming" name="test_percentile_matches_manual_values" time="0.000" /><testcase classname="tests.test_speech_streaming" name="test_percentile_rejects_empty" time="0.000" /><testcase classname="tests.test_speech_streaming" name="test_end_to_end_streaming_with_latency_budget" time="0.001" /><testcase classname="tests.test_stgcn" name="test_encoder_output_shape" time="0.003" /><testcase classname="tests.test_stgcn" name="test_graph_conv_respects_joint_dim" time="0.001" /><testcase classname="tests.test_stgcn" name="test_encoder_gradients_flow" time="0.004" /><testcase classname="tests.test_stgcn" name="test_adjacency_is_buffer_not_parameter" time="0.000" /><testcase classname="tests.test_trainer" name="test_cosine_warmup_schedule_shape" time="0.000" /><testcase classname="tests.test_trainer" name="test_trainer_reduces_total_loss" time="0.973" /><testcase classname="tests.test_trainer" name="test_checkpoint_roundtrip" time="0.370" /><testcase classname="tests.test_trainer" name="test_validation_is_repeatable_and_does_not_advance_training_rng" time="0.143" /><testcase classname="tests.test_trainer" name="test_exact_resume_matches_uninterrupted_training_bit_for_bit" time="1.774" /><testcase classname="tests.test_trainer" name="test_resume_rejects_configuration_drift_and_byte_tampering" time="0.357" /><testcase classname="tests.test_trainer" name="test_loss_weights_applied_to_total" time="0.092" /><testcase classname="tests.test_training" name="test_training_reduces_loss_on_synthetic_data" time="1.568" /><testcase classname="tests.test_training" name="test_contrastive_component_learns" time="1.633" /><testcase classname="tests.test_w0_motion_support" name="test_invalid_values_cannot_change_loss_or_target_gradients[x0-GaussianMotionDiffusion]" time="0.001" /><testcase classname="tests.test_w0_motion_support" name="test_invalid_values_cannot_change_loss_or_target_gradients[x0-GuidedMotionDiffusion]" time="0.001" /><testcase classname="tests.test_w0_motion_support" name="test_invalid_values_cannot_change_loss_or_target_gradients[eps-GaussianMotionDiffusion]" time="0.001" /><testcase classname="tests.test_w0_motion_support" name="test_invalid_values_cannot_change_loss_or_target_gradients[eps-GuidedMotionDiffusion]" time="0.001" /><testcase classname="tests.test_w0_motion_support" name="test_weighted_mse_and_velocity_match_hand_computation" time="0.000" /><testcase classname="tests.test_w0_motion_support" name="test_all_missing_support_is_unavailable[validity_mask]" time="0.000" /><testcase classname="tests.test_w0_motion_support" name="test_all_missing_support_is_unavailable[frame_mask]" time="0.001" /><testcase classname="tests.test_w0_motion_support" name="test_all_missing_support_is_unavailable[confidence]" time="0.000" /><testcase classname="tests.test_w0_motion_support" name="test_velocity_cannot_bridge_missing_middle_frame" time="0.000" /><testcase classname="tests.test_w0_motion_support" name="test_one_empty_sample_cannot_hide_inside_supported_batch" time="0.000" /><testcase classname="tests.test_w0_motion_support" name="test_invalid_support_contract_rejected[support0]" time="0.000" /><testcase classname="tests.test_w0_motion_support" name="test_invalid_support_contract_rejected[support1]" time="0.000" /><testcase classname="tests.test_w0_motion_support" name="test_invalid_support_contract_rejected[support2]" time="0.000" /><testcase classname="tests.test_w0_motion_support" name="test_active_joint_training_rejects_empty_support" time="0.049" /><testcase classname="tests.test_w0_motion_support" name="test_generator_finetune_cannot_drop_support_masks" time="0.048" /><testcase classname="tests.test_w0_topology" name="test_137_joint_construction_uses_declared_graph" time="0.013" /><testcase classname="tests.test_w0_topology" name="test_malformed_topology_rejected[change0]" time="0.000" /><testcase classname="tests.test_w0_topology" name="test_malformed_topology_rejected[change1]" time="0.000" /><testcase classname="tests.test_w0_topology" name="test_malformed_topology_rejected[change2]" time="0.000" /><testcase classname="tests.test_w0_topology" name="test_malformed_topology_rejected[change3]" time="0.000" /><testcase classname="tests.test_w0_topology" name="test_malformed_topology_rejected[change4]" time="0.000" /><testcase classname="tests.test_w0_topology" name="test_malformed_topology_rejected[change5]" time="0.000" /><testcase classname="tests.test_w0_topology" name="test_joint_order_mismatch_rejected_before_checkpoint_weights_loaded" time="0.195" /><testcase classname="tests.test_w0_topology" name="test_alternate_manifest_reloads_through_runtime" time="0.098" /><testcase classname="tests.test_w0_topology" name="test_exported_topology_roundtrip_and_wrong_order_rejection" time="0.009" /><testcase classname="tests.test_w0_training_guards" name="test_invalid_loss_or_gradient_preserves_optimizer_and_checkpoint[loss]" time="0.057" /><testcase classname="tests.test_w0_training_guards" name="test_invalid_loss_or_gradient_preserves_optimizer_and_checkpoint[gradient]" time="0.059" /><testcase classname="tests.test_w0_training_guards" name="test_empty_training_loader_is_rejected" time="0.000" /><testcase classname="tests.test_w0_training_guards" name="test_oversized_batch_retains_tiny_corpus" time="0.220" /><testcase classname="tests.test_w0_training_guards" name="test_nonfinite_or_degenerate_training_configuration_rejected[kwargs0]" time="0.000" /><testcase classname="tests.test_w0_training_guards" name="test_nonfinite_or_degenerate_training_configuration_rejected[kwargs1]" time="0.000" /><testcase classname="tests.test_w0_training_guards" name="test_nonfinite_or_degenerate_training_configuration_rejected[kwargs2]" time="0.000" /><testcase classname="tests.test_w0_training_guards" name="test_nonfinite_or_degenerate_training_configuration_rejected[kwargs3]" time="0.000" /><testcase classname="tests.test_w0_training_guards" name="test_nonfinite_or_degenerate_training_configuration_rejected[kwargs4]" time="0.000" /><testcase classname="tests.test_w0_training_guards" name="test_api_defaults_are_bounded_and_checkpointable" time="0.000" /><testcase classname="tests.test_w0_training_guards" name="test_cli_defaults_match_api_and_allow_checkpoint" time="0.001" /></testsuite></testsuites>